#
# There is insufficient memory for the Java Runtime Environment to continue.
# Native memory allocation (mmap) failed to map 65536 bytes. Error detail: Failed to commit metaspace.
# Possible reasons:
#   The system is out of physical RAM or swap space
#   This process is running with CompressedOops enabled, and the Java Heap may be blocking the growth of the native heap
# Possible solutions:
#   Reduce memory load on the system
#   Increase physical memory or swap space
#   Check if swap backing store is full
#   Decrease Java heap size (-Xmx/-Xms)
#   Decrease number of Java threads
#   Decrease Java thread stack sizes (-Xss)
#   Set larger code cache with -XX:ReservedCodeCacheSize=
#   JVM is running with Unscaled Compressed Oops mode in which the Java heap is
#     placed in the first 4GB address space. The Java Heap base address is the
#     maximum limit for the native heap growth. Please use -XX:HeapBaseMinAddress
#     to set the Java Heap base and to place the Java Heap above 4GB virtual address.
# This output file may be truncated or incomplete.
#
#  Out of Memory Error (virtualSpaceNode.cpp:113), pid=10200, tid=12820
#
# JRE version: OpenJDK Runtime Environment Temurin-21.0.6+7 (21.0.6+7) (build 21.0.6+7-LTS)
# Java VM: OpenJDK 64-Bit Server VM Temurin-21.0.6+7 (21.0.6+7-LTS, mixed mode, tiered, compressed oops, compressed class ptrs, g1 gc, windows-amd64)
# No core dump will be written. Minidumps are not enabled by default on client versions of Windows
#

---------------  S U M M A R Y ------------

Command Line: -Dclassworlds.conf=C:\Program Files\Maven\apache-maven-3.9.9\bin\m2.conf -Dmaven.home=C:\Program Files\Maven\apache-maven-3.9.9 -Dlibrary.jansi.path=C:\Program Files\Maven\apache-maven-3.9.9\lib\jansi-native -Dmaven.multiModuleProjectDirectory=g:\My Projects\ICT-OPTION\VehicleService\vehicleservice org.codehaus.plexus.classworlds.launcher.Launcher --version

Host: Intel(R) Core(TM) i3-5005U CPU @ 2.00GHz, 4 cores, 7G,  Windows 10 , 64 bit Build 19041 (10.0.19041.5438)
Time: Wed Mar 12 16:31:02 2025 Sri Lanka Standard Time elapsed time: 0.697387 seconds (0d 0h 0m 0s)

---------------  T H R E A D  ---------------

Current thread (0x000001f0bb9938c0):  JavaThread "main"             [_thread_in_vm, id=12820, stack(0x0000009175e00000,0x0000009175f00000) (1024K)]

Stack: [0x0000009175e00000,0x0000009175f00000]
Native frames: (J=compiled Java code, j=interpreted, Vv=VM code, C=native code)
V  [jvm.dll+0x6cdee9]
V  [jvm.dll+0x8a83d1]
V  [jvm.dll+0x8aa8fe]
V  [jvm.dll+0x8aafe3]
V  [jvm.dll+0x27f706]
V  [jvm.dll+0x8a411e]
V  [jvm.dll+0x670385]
V  [jvm.dll+0x6703ea]
V  [jvm.dll+0x672bd2]
V  [jvm.dll+0x672aa2]
V  [jvm.dll+0x670d5e]
V  [jvm.dll+0x67b007]
V  [jvm.dll+0x21561d]
V  [jvm.dll+0x215b9a]
V  [jvm.dll+0x2165c5]
V  [jvm.dll+0x20bb8e]
V  [jvm.dll+0x5ae3ec]
V  [jvm.dll+0x21d24a]
V  [jvm.dll+0x820d9c]
V  [jvm.dll+0x821dc4]
V  [jvm.dll+0x822392]
V  [jvm.dll+0x822018]
V  [jvm.dll+0x26cd7b]
V  [jvm.dll+0x26cfaa]
V  [jvm.dll+0x5d17f7]
V  [jvm.dll+0x5d47df]
V  [jvm.dll+0x3d8465]
V  [jvm.dll+0x3d7add]
C  0x000001f0cb5c96c0

The last pc belongs to invokestatic (printed below).
Java frames: (J=compiled Java code, j=interpreted, Vv=VM code)
j  java.lang.ClassLoader.registerAsParallelCapable(Ljava/lang/Class;)Z+47 java.base
j  java.lang.ClassLoader.registerAsParallelCapable()Z+3 java.base
j  java.security.SecureClassLoader.<clinit>()V+0 java.base
v  ~StubRoutines::call_stub 0x000001f0cb5b100d
j  jdk.internal.loader.ClassLoaders.<clinit>()V+80 java.base
v  ~StubRoutines::call_stub 0x000001f0cb5b100d
j  jdk.internal.loader.BootLoader.loadModule(Ljava/lang/module/ModuleReference;)V+0 java.base
j  jdk.internal.module.ModuleBootstrap.boot2()Ljava/lang/ModuleLayer;+352 java.base
j  jdk.internal.module.ModuleBootstrap.boot()Ljava/lang/ModuleLayer;+64 java.base
j  java.lang.System.initPhase2(ZZ)I+0 java.base
v  ~StubRoutines::call_stub 0x000001f0cb5b100d
invokestatic  184 invokestatic  [0x000001f0cb5c9620, 0x000001f0cb5c98d0]  688 bytes
[MachCode]
  0x000001f0cb5c9620: 4883 ec08 | c5fa 1104 | 24eb 1f48 | 83ec 10c5 | fb11 0424 | eb14 4883 | ec10 4889 | 0424 48c7 
  0x000001f0cb5c9640: 4424 0800 | 0000 00eb | 0150 4c89 | 6dc0 410f | b755 0148 | 8b4d d0c1 | e202 8b5c | d138 c1eb 
  0x000001f0cb5c9660: 1081 e3ff | 0000 0081 | fbb8 0000 | 000f 84b4 | 0000 00bb | b800 0000 | e805 0000 | 00e9 9900 
  0x000001f0cb5c9680: 0000 488b | d348 8d44 | 2408 4c89 | 6dc0 498b | cfc5 f877 | 4989 afa8 | 0300 0049 | 8987 9803 
  0x000001f0cb5c96a0: 0000 4883 | ec20 40f6 | c40f 0f84 | 1900 0000 | 4883 ec08 | 48b8 707a | 6ed3 fb7f | 0000 ffd0 
  0x000001f0cb5c96c0: 4883 c408 | e90c 0000 | 0048 b870 | 7a6e d3fb | 7f00 00ff | d048 83c4 | 2049 c787 | 9803 0000 
  0x000001f0cb5c96e0: 0000 0000 | 49c7 87a8 | 0300 0000 | 0000 0049 | c787 a003 | 0000 0000 | 0000 c5f8 | 7749 837f 
  0x000001f0cb5c9700: 0800 0f84 | 0500 0000 | e9f3 77fe | ff4c 8b6d | c04c 8b75 | c84e 8d74 | f500 c341 | 0fb7 5501 
  0x000001f0cb5c9720: 488b 4dd0 | c1e2 0248 | 8b5c d140 | 488b 5b08 | 488b 5b08 | 488b 5b18 | 80bb 2101 | 0000 040f 
  0x000001f0cb5c9740: 840d 0000 | 004c 3bbb | 2801 0000 | 0f85 21ff | ffff 488b | 5cd1 408b | 54d1 50c1 | ea1c 49ba 
  0x000001f0cb5c9760: 40e0 fcd3 | fb7f 0000 | 498b 14d2 | 5248 8b45 | d848 85c0 | 0f84 1200 | 0000 4883 | 4008 0148 
  0x000001f0cb5c9780: 8358 0800 | 4883 c010 | 4889 45d8 | 488b 45d8 | 4885 c00f | 842b 0100 | 0080 78f0 | 0a0f 8521 
  0x000001f0cb5c97a0: 0100 0048 | 83c0 084c | 8b68 f841 | 83ed 0041 | 83fd 020f | 8c00 0100 | 004c 8b6b | 0845 0fb7 
  0x000001f0cb5c97c0: 6d2e 4c2b | 2841 83ed | 014e 8b6c | ec08 4d85 | ed75 0ef6 | 4008 0175 | 4ff0 4883 | 4808 01eb 
  0x000001f0cb5c97e0: 4745 8b6d | 0849 c1e5 | 034d 8bd5 | 4c33 6808 | 49f7 c5fc | ffff ff74 | 2f41 f6c5 | 0275 2948 
  0x000001f0cb5c9800: 8378 0800 | 741e 4883 | 7808 0174 | 174d 8bea | 4c33 6808 | 49f7 c5fc | ffff ff74 | 0b48 8348 
  0x000001f0cb5c9820: 0802 eb04 | 4c89 6808 | 4883 c010 | 4c8b 68e8 | 4183 ed02 | 4183 fd02 | 0f8c 7b00 | 0000 4c8b 
  0x000001f0cb5c9840: 6b08 450f | b76d 2e4c | 2b28 4183 | ed01 4e8b | 6cec 084d | 85ed 750e | f640 0801 | 754f f048 
  0x000001f0cb5c9860: 8348 0801 | eb47 458b | 6d08 49c1 | e503 4d8b | d54c 3368 | 0849 f7c5 | fcff ffff | 742f 41f6 
  0x000001f0cb5c9880: c502 7529 | 4883 7808 | 0074 1e48 | 8378 0801 | 7417 4d8b | ea4c 3368 | 0849 f7c5 | fcff ffff 
  0x000001f0cb5c98a0: 740b 4883 | 4808 02eb | 044c 8968 | 0848 83c0 | 104c 8b68 | d841 83ed | 0441 c1e5 | 0349 03c5 
  0x000001f0cb5c98c0: 4889 45d8 | 4c8d 6c24 | 084c 896d | f0ff 6350 
[/MachCode]

---------------  P R O C E S S  ---------------

Threads class SMR info:
_java_thread_list=0x000001f0dc04aeb0, length=9, elements={
0x000001f0bb9938c0, 0x000001f0dc061270, 0x000001f0dc0255b0, 0x000001f0dc0571c0,
0x000001f0dc057c10, 0x000001f0dc058660, 0x000001f0dc04e5e0, 0x000001f0dc051370,
0x000001f0dc052e10
}

Java Threads: ( => current thread )
=>0x000001f0bb9938c0 JavaThread "main"                              [_thread_in_vm, id=12820, stack(0x0000009175e00000,0x0000009175f00000) (1024K)]
  0x000001f0dc061270 JavaThread "Reference Handler"          daemon [_thread_blocked, id=8084, stack(0x0000009176600000,0x0000009176700000) (1024K)]
  0x000001f0dc0255b0 JavaThread "Finalizer"                  daemon [_thread_blocked, id=9584, stack(0x0000009176700000,0x0000009176800000) (1024K)]
  0x000001f0dc0571c0 JavaThread "Signal Dispatcher"          daemon [_thread_blocked, id=13000, stack(0x0000009176800000,0x0000009176900000) (1024K)]
  0x000001f0dc057c10 JavaThread "Attach Listener"            daemon [_thread_blocked, id=4440, stack(0x0000009176900000,0x0000009176a00000) (1024K)]
  0x000001f0dc058660 JavaThread "Service Thread"             daemon [_thread_blocked, id=17540, stack(0x0000009176a00000,0x0000009176b00000) (1024K)]
  0x000001f0dc04e5e0 JavaThread "Monitor Deflation Thread"   daemon [_thread_blocked, id=14676, stack(0x0000009176b00000,0x0000009176c00000) (1024K)]
  0x000001f0dc051370 JavaThread "C2 CompilerThread0"         daemon [_thread_blocked, id=11888, stack(0x0000009176c00000,0x0000009176d00000) (1024K)]
  0x000001f0dc052e10 JavaThread "C1 CompilerThread0"         daemon [_thread_blocked, id=9300, stack(0x0000009176d00000,0x0000009176e00000) (1024K)]
Total: 9

Other Threads:
  0x000001f0d7cd4010 VMThread "VM Thread"                           [id=13292, stack(0x0000009176500000,0x0000009176600000) (1024K)]
  0x000001f0d7cba5c0 WatcherThread "VM Periodic Task Thread"        [id=17548, stack(0x0000009176400000,0x0000009176500000) (1024K)]
  0x000001f0bb9e34c0 WorkerThread "GC Thread#0"                     [id=11144, stack(0x0000009175f00000,0x0000009176000000) (1024K)]
  0x000001f0bb9f41e0 ConcurrentGCThread "G1 Main Marker"            [id=10448, stack(0x0000009176000000,0x0000009176100000) (1024K)]
  0x000001f0bb9f5ea0 WorkerThread "G1 Conc#0"                       [id=17504, stack(0x0000009176100000,0x0000009176200000) (1024K)]
  0x000001f0d7b810b0 ConcurrentGCThread "G1 Refine#0"               [id=17688, stack(0x0000009176200000,0x0000009176300000) (1024K)]
  0x000001f0d7b82ed0 ConcurrentGCThread "G1 Service"                [id=7372, stack(0x0000009176300000,0x0000009176400000) (1024K)]
Total: 7

Threads with active compile tasks:
Total: 0

VM state: not at safepoint (normal execution)

VM Mutex/Monitor currently owned by a thread:  ([mutex/lock_event])
[0x00007ffbd3fbc300] Metaspace_lock - owner thread: 0x000001f0bb9938c0

Heap address: 0x0000000081600000, size: 2026 MB, Compressed Oops mode: 32-bit

CDS archive(s) not mapped
Compressed class space mapped at: 0x0000000100000000-0x0000000140000000, reserved size: 1073741824
Narrow klass base: 0x0000000000000000, Narrow klass shift: 3, Narrow klass range: 0x140000000

GC Precious Log:
 CardTable entry size: 512
 Card Set container configuration: InlinePtr #cards 5 size 8 Array Of Cards #cards 12 size 40 Howl #buckets 4 coarsen threshold 1843 Howl Bitmap #cards 512 size 80 coarsen threshold 460 Card regions per heap region 1 cards per card region 2048
 CPUs: 4 total, 4 available
 Memory: 8103M
 Large Page Support: Disabled
 NUMA Support: Disabled
 Compressed Oops: Enabled (32-bit)
 Heap Region Size: 1M
 Heap Min Capacity: 8M
 Heap Initial Capacity: 128M
 Heap Max Capacity: 2026M
 Pre-touch: Disabled
 Parallel Workers: 4
 Concurrent Workers: 1
 Concurrent Refinement Workers: 4
 Periodic GC: Disabled

Heap:
 garbage-first heap   total 131072K, used 1024K [0x0000000081600000, 0x0000000100000000)
  region size 1024K, 2 young (2048K), 0 survivors (0K)
 Metaspace       used 3732K, committed 3776K, reserved 1114112K
  class space    used 276K, committed 320K, reserved 1048576K

Heap Regions: E=young(eden), S=young(survivor), O=old, HS=humongous(starts), HC=humongous(continues), CS=collection set, F=free, TAMS=top-at-mark-start, PB=parsable bottom
|   0|0x0000000081600000, 0x0000000081600000, 0x0000000081700000|  0%| F|  |TAMS 0x0000000081600000| PB 0x0000000081600000| Untracked 
|   1|0x0000000081700000, 0x0000000081700000, 0x0000000081800000|  0%| F|  |TAMS 0x0000000081700000| PB 0x0000000081700000| Untracked 
|   2|0x0000000081800000, 0x0000000081800000, 0x0000000081900000|  0%| F|  |TAMS 0x0000000081800000| PB 0x0000000081800000| Untracked 
|   3|0x0000000081900000, 0x0000000081900000, 0x0000000081a00000|  0%| F|  |TAMS 0x0000000081900000| PB 0x0000000081900000| Untracked 
|   4|0x0000000081a00000, 0x0000000081a00000, 0x0000000081b00000|  0%| F|  |TAMS 0x0000000081a00000| PB 0x0000000081a00000| Untracked 
|   5|0x0000000081b00000, 0x0000000081b00000, 0x0000000081c00000|  0%| F|  |TAMS 0x0000000081b00000| PB 0x0000000081b00000| Untracked 
|   6|0x0000000081c00000, 0x0000000081c00000, 0x0000000081d00000|  0%| F|  |TAMS 0x0000000081c00000| PB 0x0000000081c00000| Untracked 
|   7|0x0000000081d00000, 0x0000000081d00000, 0x0000000081e00000|  0%| F|  |TAMS 0x0000000081d00000| PB 0x0000000081d00000| Untracked 
|   8|0x0000000081e00000, 0x0000000081e00000, 0x0000000081f00000|  0%| F|  |TAMS 0x0000000081e00000| PB 0x0000000081e00000| Untracked 
|   9|0x0000000081f00000, 0x0000000081f00000, 0x0000000082000000|  0%| F|  |TAMS 0x0000000081f00000| PB 0x0000000081f00000| Untracked 
|  10|0x0000000082000000, 0x0000000082000000, 0x0000000082100000|  0%| F|  |TAMS 0x0000000082000000| PB 0x0000000082000000| Untracked 
|  11|0x0000000082100000, 0x0000000082100000, 0x0000000082200000|  0%| F|  |TAMS 0x0000000082100000| PB 0x0000000082100000| Untracked 
|  12|0x0000000082200000, 0x0000000082200000, 0x0000000082300000|  0%| F|  |TAMS 0x0000000082200000| PB 0x0000000082200000| Untracked 
|  13|0x0000000082300000, 0x0000000082300000, 0x0000000082400000|  0%| F|  |TAMS 0x0000000082300000| PB 0x0000000082300000| Untracked 
|  14|0x0000000082400000, 0x0000000082400000, 0x0000000082500000|  0%| F|  |TAMS 0x0000000082400000| PB 0x0000000082400000| Untracked 
|  15|0x0000000082500000, 0x0000000082500000, 0x0000000082600000|  0%| F|  |TAMS 0x0000000082500000| PB 0x0000000082500000| Untracked 
|  16|0x0000000082600000, 0x0000000082600000, 0x0000000082700000|  0%| F|  |TAMS 0x0000000082600000| PB 0x0000000082600000| Untracked 
|  17|0x0000000082700000, 0x0000000082700000, 0x0000000082800000|  0%| F|  |TAMS 0x0000000082700000| PB 0x0000000082700000| Untracked 
|  18|0x0000000082800000, 0x0000000082800000, 0x0000000082900000|  0%| F|  |TAMS 0x0000000082800000| PB 0x0000000082800000| Untracked 
|  19|0x0000000082900000, 0x0000000082900000, 0x0000000082a00000|  0%| F|  |TAMS 0x0000000082900000| PB 0x0000000082900000| Untracked 
|  20|0x0000000082a00000, 0x0000000082a00000, 0x0000000082b00000|  0%| F|  |TAMS 0x0000000082a00000| PB 0x0000000082a00000| Untracked 
|  21|0x0000000082b00000, 0x0000000082b00000, 0x0000000082c00000|  0%| F|  |TAMS 0x0000000082b00000| PB 0x0000000082b00000| Untracked 
|  22|0x0000000082c00000, 0x0000000082c00000, 0x0000000082d00000|  0%| F|  |TAMS 0x0000000082c00000| PB 0x0000000082c00000| Untracked 
|  23|0x0000000082d00000, 0x0000000082d00000, 0x0000000082e00000|  0%| F|  |TAMS 0x0000000082d00000| PB 0x0000000082d00000| Untracked 
|  24|0x0000000082e00000, 0x0000000082e00000, 0x0000000082f00000|  0%| F|  |TAMS 0x0000000082e00000| PB 0x0000000082e00000| Untracked 
|  25|0x0000000082f00000, 0x0000000082f00000, 0x0000000083000000|  0%| F|  |TAMS 0x0000000082f00000| PB 0x0000000082f00000| Untracked 
|  26|0x0000000083000000, 0x0000000083000000, 0x0000000083100000|  0%| F|  |TAMS 0x0000000083000000| PB 0x0000000083000000| Untracked 
|  27|0x0000000083100000, 0x0000000083100000, 0x0000000083200000|  0%| F|  |TAMS 0x0000000083100000| PB 0x0000000083100000| Untracked 
|  28|0x0000000083200000, 0x0000000083200000, 0x0000000083300000|  0%| F|  |TAMS 0x0000000083200000| PB 0x0000000083200000| Untracked 
|  29|0x0000000083300000, 0x0000000083300000, 0x0000000083400000|  0%| F|  |TAMS 0x0000000083300000| PB 0x0000000083300000| Untracked 
|  30|0x0000000083400000, 0x0000000083400000, 0x0000000083500000|  0%| F|  |TAMS 0x0000000083400000| PB 0x0000000083400000| Untracked 
|  31|0x0000000083500000, 0x0000000083500000, 0x0000000083600000|  0%| F|  |TAMS 0x0000000083500000| PB 0x0000000083500000| Untracked 
|  32|0x0000000083600000, 0x0000000083600000, 0x0000000083700000|  0%| F|  |TAMS 0x0000000083600000| PB 0x0000000083600000| Untracked 
|  33|0x0000000083700000, 0x0000000083700000, 0x0000000083800000|  0%| F|  |TAMS 0x0000000083700000| PB 0x0000000083700000| Untracked 
|  34|0x0000000083800000, 0x0000000083800000, 0x0000000083900000|  0%| F|  |TAMS 0x0000000083800000| PB 0x0000000083800000| Untracked 
|  35|0x0000000083900000, 0x0000000083900000, 0x0000000083a00000|  0%| F|  |TAMS 0x0000000083900000| PB 0x0000000083900000| Untracked 
|  36|0x0000000083a00000, 0x0000000083a00000, 0x0000000083b00000|  0%| F|  |TAMS 0x0000000083a00000| PB 0x0000000083a00000| Untracked 
|  37|0x0000000083b00000, 0x0000000083b00000, 0x0000000083c00000|  0%| F|  |TAMS 0x0000000083b00000| PB 0x0000000083b00000| Untracked 
|  38|0x0000000083c00000, 0x0000000083c00000, 0x0000000083d00000|  0%| F|  |TAMS 0x0000000083c00000| PB 0x0000000083c00000| Untracked 
|  39|0x0000000083d00000, 0x0000000083d00000, 0x0000000083e00000|  0%| F|  |TAMS 0x0000000083d00000| PB 0x0000000083d00000| Untracked 
|  40|0x0000000083e00000, 0x0000000083e00000, 0x0000000083f00000|  0%| F|  |TAMS 0x0000000083e00000| PB 0x0000000083e00000| Untracked 
|  41|0x0000000083f00000, 0x0000000083f00000, 0x0000000084000000|  0%| F|  |TAMS 0x0000000083f00000| PB 0x0000000083f00000| Untracked 
|  42|0x0000000084000000, 0x0000000084000000, 0x0000000084100000|  0%| F|  |TAMS 0x0000000084000000| PB 0x0000000084000000| Untracked 
|  43|0x0000000084100000, 0x0000000084100000, 0x0000000084200000|  0%| F|  |TAMS 0x0000000084100000| PB 0x0000000084100000| Untracked 
|  44|0x0000000084200000, 0x0000000084200000, 0x0000000084300000|  0%| F|  |TAMS 0x0000000084200000| PB 0x0000000084200000| Untracked 
|  45|0x0000000084300000, 0x0000000084300000, 0x0000000084400000|  0%| F|  |TAMS 0x0000000084300000| PB 0x0000000084300000| Untracked 
|  46|0x0000000084400000, 0x0000000084400000, 0x0000000084500000|  0%| F|  |TAMS 0x0000000084400000| PB 0x0000000084400000| Untracked 
|  47|0x0000000084500000, 0x0000000084500000, 0x0000000084600000|  0%| F|  |TAMS 0x0000000084500000| PB 0x0000000084500000| Untracked 
|  48|0x0000000084600000, 0x0000000084600000, 0x0000000084700000|  0%| F|  |TAMS 0x0000000084600000| PB 0x0000000084600000| Untracked 
|  49|0x0000000084700000, 0x0000000084700000, 0x0000000084800000|  0%| F|  |TAMS 0x0000000084700000| PB 0x0000000084700000| Untracked 
|  50|0x0000000084800000, 0x0000000084800000, 0x0000000084900000|  0%| F|  |TAMS 0x0000000084800000| PB 0x0000000084800000| Untracked 
|  51|0x0000000084900000, 0x0000000084900000, 0x0000000084a00000|  0%| F|  |TAMS 0x0000000084900000| PB 0x0000000084900000| Untracked 
|  52|0x0000000084a00000, 0x0000000084a00000, 0x0000000084b00000|  0%| F|  |TAMS 0x0000000084a00000| PB 0x0000000084a00000| Untracked 
|  53|0x0000000084b00000, 0x0000000084b00000, 0x0000000084c00000|  0%| F|  |TAMS 0x0000000084b00000| PB 0x0000000084b00000| Untracked 
|  54|0x0000000084c00000, 0x0000000084c00000, 0x0000000084d00000|  0%| F|  |TAMS 0x0000000084c00000| PB 0x0000000084c00000| Untracked 
|  55|0x0000000084d00000, 0x0000000084d00000, 0x0000000084e00000|  0%| F|  |TAMS 0x0000000084d00000| PB 0x0000000084d00000| Untracked 
|  56|0x0000000084e00000, 0x0000000084e00000, 0x0000000084f00000|  0%| F|  |TAMS 0x0000000084e00000| PB 0x0000000084e00000| Untracked 
|  57|0x0000000084f00000, 0x0000000084f00000, 0x0000000085000000|  0%| F|  |TAMS 0x0000000084f00000| PB 0x0000000084f00000| Untracked 
|  58|0x0000000085000000, 0x0000000085000000, 0x0000000085100000|  0%| F|  |TAMS 0x0000000085000000| PB 0x0000000085000000| Untracked 
|  59|0x0000000085100000, 0x0000000085100000, 0x0000000085200000|  0%| F|  |TAMS 0x0000000085100000| PB 0x0000000085100000| Untracked 
|  60|0x0000000085200000, 0x0000000085200000, 0x0000000085300000|  0%| F|  |TAMS 0x0000000085200000| PB 0x0000000085200000| Untracked 
|  61|0x0000000085300000, 0x0000000085300000, 0x0000000085400000|  0%| F|  |TAMS 0x0000000085300000| PB 0x0000000085300000| Untracked 
|  62|0x0000000085400000, 0x0000000085400000, 0x0000000085500000|  0%| F|  |TAMS 0x0000000085400000| PB 0x0000000085400000| Untracked 
|  63|0x0000000085500000, 0x0000000085500000, 0x0000000085600000|  0%| F|  |TAMS 0x0000000085500000| PB 0x0000000085500000| Untracked 
|  64|0x0000000085600000, 0x0000000085600000, 0x0000000085700000|  0%| F|  |TAMS 0x0000000085600000| PB 0x0000000085600000| Untracked 
|  65|0x0000000085700000, 0x0000000085700000, 0x0000000085800000|  0%| F|  |TAMS 0x0000000085700000| PB 0x0000000085700000| Untracked 
|  66|0x0000000085800000, 0x0000000085800000, 0x0000000085900000|  0%| F|  |TAMS 0x0000000085800000| PB 0x0000000085800000| Untracked 
|  67|0x0000000085900000, 0x0000000085900000, 0x0000000085a00000|  0%| F|  |TAMS 0x0000000085900000| PB 0x0000000085900000| Untracked 
|  68|0x0000000085a00000, 0x0000000085a00000, 0x0000000085b00000|  0%| F|  |TAMS 0x0000000085a00000| PB 0x0000000085a00000| Untracked 
|  69|0x0000000085b00000, 0x0000000085b00000, 0x0000000085c00000|  0%| F|  |TAMS 0x0000000085b00000| PB 0x0000000085b00000| Untracked 
|  70|0x0000000085c00000, 0x0000000085c00000, 0x0000000085d00000|  0%| F|  |TAMS 0x0000000085c00000| PB 0x0000000085c00000| Untracked 
|  71|0x0000000085d00000, 0x0000000085d00000, 0x0000000085e00000|  0%| F|  |TAMS 0x0000000085d00000| PB 0x0000000085d00000| Untracked 
|  72|0x0000000085e00000, 0x0000000085e00000, 0x0000000085f00000|  0%| F|  |TAMS 0x0000000085e00000| PB 0x0000000085e00000| Untracked 
|  73|0x0000000085f00000, 0x0000000085f00000, 0x0000000086000000|  0%| F|  |TAMS 0x0000000085f00000| PB 0x0000000085f00000| Untracked 
|  74|0x0000000086000000, 0x0000000086000000, 0x0000000086100000|  0%| F|  |TAMS 0x0000000086000000| PB 0x0000000086000000| Untracked 
|  75|0x0000000086100000, 0x0000000086100000, 0x0000000086200000|  0%| F|  |TAMS 0x0000000086100000| PB 0x0000000086100000| Untracked 
|  76|0x0000000086200000, 0x0000000086200000, 0x0000000086300000|  0%| F|  |TAMS 0x0000000086200000| PB 0x0000000086200000| Untracked 
|  77|0x0000000086300000, 0x0000000086300000, 0x0000000086400000|  0%| F|  |TAMS 0x0000000086300000| PB 0x0000000086300000| Untracked 
|  78|0x0000000086400000, 0x0000000086400000, 0x0000000086500000|  0%| F|  |TAMS 0x0000000086400000| PB 0x0000000086400000| Untracked 
|  79|0x0000000086500000, 0x0000000086500000, 0x0000000086600000|  0%| F|  |TAMS 0x0000000086500000| PB 0x0000000086500000| Untracked 
|  80|0x0000000086600000, 0x0000000086600000, 0x0000000086700000|  0%| F|  |TAMS 0x0000000086600000| PB 0x0000000086600000| Untracked 
|  81|0x0000000086700000, 0x0000000086700000, 0x0000000086800000|  0%| F|  |TAMS 0x0000000086700000| PB 0x0000000086700000| Untracked 
|  82|0x0000000086800000, 0x0000000086800000, 0x0000000086900000|  0%| F|  |TAMS 0x0000000086800000| PB 0x0000000086800000| Untracked 
|  83|0x0000000086900000, 0x0000000086900000, 0x0000000086a00000|  0%| F|  |TAMS 0x0000000086900000| PB 0x0000000086900000| Untracked 
|  84|0x0000000086a00000, 0x0000000086a00000, 0x0000000086b00000|  0%| F|  |TAMS 0x0000000086a00000| PB 0x0000000086a00000| Untracked 
|  85|0x0000000086b00000, 0x0000000086b00000, 0x0000000086c00000|  0%| F|  |TAMS 0x0000000086b00000| PB 0x0000000086b00000| Untracked 
|  86|0x0000000086c00000, 0x0000000086c00000, 0x0000000086d00000|  0%| F|  |TAMS 0x0000000086c00000| PB 0x0000000086c00000| Untracked 
|  87|0x0000000086d00000, 0x0000000086d00000, 0x0000000086e00000|  0%| F|  |TAMS 0x0000000086d00000| PB 0x0000000086d00000| Untracked 
|  88|0x0000000086e00000, 0x0000000086e00000, 0x0000000086f00000|  0%| F|  |TAMS 0x0000000086e00000| PB 0x0000000086e00000| Untracked 
|  89|0x0000000086f00000, 0x0000000086f00000, 0x0000000087000000|  0%| F|  |TAMS 0x0000000086f00000| PB 0x0000000086f00000| Untracked 
|  90|0x0000000087000000, 0x0000000087000000, 0x0000000087100000|  0%| F|  |TAMS 0x0000000087000000| PB 0x0000000087000000| Untracked 
|  91|0x0000000087100000, 0x0000000087100000, 0x0000000087200000|  0%| F|  |TAMS 0x0000000087100000| PB 0x0000000087100000| Untracked 
|  92|0x0000000087200000, 0x0000000087200000, 0x0000000087300000|  0%| F|  |TAMS 0x0000000087200000| PB 0x0000000087200000| Untracked 
|  93|0x0000000087300000, 0x0000000087300000, 0x0000000087400000|  0%| F|  |TAMS 0x0000000087300000| PB 0x0000000087300000| Untracked 
|  94|0x0000000087400000, 0x0000000087400000, 0x0000000087500000|  0%| F|  |TAMS 0x0000000087400000| PB 0x0000000087400000| Untracked 
|  95|0x0000000087500000, 0x0000000087500000, 0x0000000087600000|  0%| F|  |TAMS 0x0000000087500000| PB 0x0000000087500000| Untracked 
|  96|0x0000000087600000, 0x0000000087600000, 0x0000000087700000|  0%| F|  |TAMS 0x0000000087600000| PB 0x0000000087600000| Untracked 
|  97|0x0000000087700000, 0x0000000087700000, 0x0000000087800000|  0%| F|  |TAMS 0x0000000087700000| PB 0x0000000087700000| Untracked 
|  98|0x0000000087800000, 0x0000000087800000, 0x0000000087900000|  0%| F|  |TAMS 0x0000000087800000| PB 0x0000000087800000| Untracked 
|  99|0x0000000087900000, 0x0000000087900000, 0x0000000087a00000|  0%| F|  |TAMS 0x0000000087900000| PB 0x0000000087900000| Untracked 
| 100|0x0000000087a00000, 0x0000000087a00000, 0x0000000087b00000|  0%| F|  |TAMS 0x0000000087a00000| PB 0x0000000087a00000| Untracked 
| 101|0x0000000087b00000, 0x0000000087b00000, 0x0000000087c00000|  0%| F|  |TAMS 0x0000000087b00000| PB 0x0000000087b00000| Untracked 
| 102|0x0000000087c00000, 0x0000000087c00000, 0x0000000087d00000|  0%| F|  |TAMS 0x0000000087c00000| PB 0x0000000087c00000| Untracked 
| 103|0x0000000087d00000, 0x0000000087d00000, 0x0000000087e00000|  0%| F|  |TAMS 0x0000000087d00000| PB 0x0000000087d00000| Untracked 
| 104|0x0000000087e00000, 0x0000000087e00000, 0x0000000087f00000|  0%| F|  |TAMS 0x0000000087e00000| PB 0x0000000087e00000| Untracked 
| 105|0x0000000087f00000, 0x0000000087f00000, 0x0000000088000000|  0%| F|  |TAMS 0x0000000087f00000| PB 0x0000000087f00000| Untracked 
| 106|0x0000000088000000, 0x0000000088000000, 0x0000000088100000|  0%| F|  |TAMS 0x0000000088000000| PB 0x0000000088000000| Untracked 
| 107|0x0000000088100000, 0x0000000088100000, 0x0000000088200000|  0%| F|  |TAMS 0x0000000088100000| PB 0x0000000088100000| Untracked 
| 108|0x0000000088200000, 0x0000000088200000, 0x0000000088300000|  0%| F|  |TAMS 0x0000000088200000| PB 0x0000000088200000| Untracked 
| 109|0x0000000088300000, 0x0000000088300000, 0x0000000088400000|  0%| F|  |TAMS 0x0000000088300000| PB 0x0000000088300000| Untracked 
| 110|0x0000000088400000, 0x0000000088400000, 0x0000000088500000|  0%| F|  |TAMS 0x0000000088400000| PB 0x0000000088400000| Untracked 
| 111|0x0000000088500000, 0x0000000088500000, 0x0000000088600000|  0%| F|  |TAMS 0x0000000088500000| PB 0x0000000088500000| Untracked 
| 112|0x0000000088600000, 0x0000000088600000, 0x0000000088700000|  0%| F|  |TAMS 0x0000000088600000| PB 0x0000000088600000| Untracked 
| 113|0x0000000088700000, 0x0000000088700000, 0x0000000088800000|  0%| F|  |TAMS 0x0000000088700000| PB 0x0000000088700000| Untracked 
| 114|0x0000000088800000, 0x0000000088800000, 0x0000000088900000|  0%| F|  |TAMS 0x0000000088800000| PB 0x0000000088800000| Untracked 
| 115|0x0000000088900000, 0x0000000088900000, 0x0000000088a00000|  0%| F|  |TAMS 0x0000000088900000| PB 0x0000000088900000| Untracked 
| 116|0x0000000088a00000, 0x0000000088a00000, 0x0000000088b00000|  0%| F|  |TAMS 0x0000000088a00000| PB 0x0000000088a00000| Untracked 
| 117|0x0000000088b00000, 0x0000000088b00000, 0x0000000088c00000|  0%| F|  |TAMS 0x0000000088b00000| PB 0x0000000088b00000| Untracked 
| 118|0x0000000088c00000, 0x0000000088c00000, 0x0000000088d00000|  0%| F|  |TAMS 0x0000000088c00000| PB 0x0000000088c00000| Untracked 
| 119|0x0000000088d00000, 0x0000000088d00000, 0x0000000088e00000|  0%| F|  |TAMS 0x0000000088d00000| PB 0x0000000088d00000| Untracked 
| 120|0x0000000088e00000, 0x0000000088e00000, 0x0000000088f00000|  0%| F|  |TAMS 0x0000000088e00000| PB 0x0000000088e00000| Untracked 
| 121|0x0000000088f00000, 0x0000000088f00000, 0x0000000089000000|  0%| F|  |TAMS 0x0000000088f00000| PB 0x0000000088f00000| Untracked 
| 122|0x0000000089000000, 0x0000000089000000, 0x0000000089100000|  0%| F|  |TAMS 0x0000000089000000| PB 0x0000000089000000| Untracked 
| 123|0x0000000089100000, 0x0000000089100000, 0x0000000089200000|  0%| F|  |TAMS 0x0000000089100000| PB 0x0000000089100000| Untracked 
| 124|0x0000000089200000, 0x0000000089200000, 0x0000000089300000|  0%| F|  |TAMS 0x0000000089200000| PB 0x0000000089200000| Untracked 
| 125|0x0000000089300000, 0x0000000089300000, 0x0000000089400000|  0%| F|  |TAMS 0x0000000089300000| PB 0x0000000089300000| Untracked 
| 126|0x0000000089400000, 0x0000000089442910, 0x0000000089500000| 26%| E|  |TAMS 0x0000000089400000| PB 0x0000000089400000| Complete 
| 127|0x0000000089500000, 0x0000000089600000, 0x0000000089600000|100%| E|CS|TAMS 0x0000000089500000| PB 0x0000000089500000| Complete 

Card table byte_map: [0x000001f0d3480000,0x000001f0d3880000] _byte_map_base: 0x000001f0d3075000

Marking Bits: (CMBitMap*) 0x000001f0bb9e3bc0
 Bits: [0x000001f0d3880000, 0x000001f0d5828000)

Polling page: 0x000001f0b9710000

Metaspace:

Usage:
  Non-class:      3.37 MB used.
      Class:    276.36 KB used.
       Both:      3.64 MB used.

Virtual space:
  Non-class space:       64.00 MB reserved,       3.38 MB (  5%) committed,  1 nodes.
      Class space:        1.00 GB reserved,     320.00 KB ( <1%) committed,  1 nodes.
             Both:        1.06 GB reserved,       3.69 MB ( <1%) committed. 

Chunk freelists:
   Non-Class:  12.00 MB
       Class:  15.62 MB
        Both:  27.62 MB

MaxMetaspaceSize: unlimited
CompressedClassSpaceSize: 1.00 GB
Initial GC threshold: 21.00 MB
Current GC threshold: 21.00 MB
CDS: off
 - commit_granule_bytes: 65536.
 - commit_granule_words: 8192.
 - virtual_space_node_default_size: 8388608.
 - enlarge_chunks_in_place: 1.
 - use_allocation_guard: 0.


Internal statistics:

num_allocs_failed_limit: 0.
num_arena_births: 2.
num_arena_deaths: 0.
num_vsnodes_births: 2.
num_vsnodes_deaths: 0.
num_space_committed: 59.
num_space_uncommitted: 0.
num_chunks_returned_to_freelist: 0.
num_chunks_taken_from_freelist: 4.
num_chunk_merges: 0.
num_chunk_splits: 2.
num_chunks_enlarged: 0.
num_inconsistent_stats: 0.

CodeHeap 'non-profiled nmethods': size=120000Kb used=4Kb max_used=4Kb free=119995Kb
 bounds [0x000001f0cbb50000, 0x000001f0cbdc0000, 0x000001f0d3080000]
CodeHeap 'profiled nmethods': size=120000Kb used=38Kb max_used=38Kb free=119962Kb
 bounds [0x000001f0c4080000, 0x000001f0c42f0000, 0x000001f0cb5b0000]
CodeHeap 'non-nmethods': size=5760Kb used=1153Kb max_used=1166Kb free=4607Kb
 bounds [0x000001f0cb5b0000, 0x000001f0cb820000, 0x000001f0cbb50000]
 total_blobs=320 nmethods=30 adapters=195
 compilation: enabled
              stopped_count=0, restarted_count=0
 full_count=0

Compilation events (20 events):
Event: 0.666 Thread 0x000001f0dc052e10   20       3       java.lang.module.ModuleDescriptor::modsHashCode (43 bytes)
Event: 0.666 Thread 0x000001f0dc052e10 nmethod 20 0x000001f0c4086510 code [0x000001f0c4086700, 0x000001f0c4086c20]
Event: 0.666 Thread 0x000001f0dc052e10   21       3       java.util.Set::of (68 bytes)
Event: 0.667 Thread 0x000001f0dc052e10 nmethod 21 0x000001f0c4086e10 code [0x000001f0c4087040, 0x000001f0c4087820]
Event: 0.679 Thread 0x000001f0dc052e10   22       3       java.lang.String::coder (15 bytes)
Event: 0.679 Thread 0x000001f0dc052e10 nmethod 22 0x000001f0c4087b10 code [0x000001f0c4087ca0, 0x000001f0c4087dd8]
Event: 0.679 Thread 0x000001f0dc052e10   23       3       java.lang.String::length (11 bytes)
Event: 0.679 Thread 0x000001f0dc052e10 nmethod 23 0x000001f0c4087e90 code [0x000001f0c4088040, 0x000001f0c40881e0]
Event: 0.679 Thread 0x000001f0dc052e10   24       1       java.lang.module.ModuleDescriptor::name (5 bytes)
Event: 0.680 Thread 0x000001f0dc052e10 nmethod 24 0x000001f0cbb50d90 code [0x000001f0cbb50f20, 0x000001f0cbb50fe8]
Event: 0.681 Thread 0x000001f0dc052e10   26       3       java.lang.String::charAt (25 bytes)
Event: 0.682 Thread 0x000001f0dc052e10 nmethod 26 0x000001f0c4088290 code [0x000001f0c4088480, 0x000001f0c40889c0]
Event: 0.682 Thread 0x000001f0dc052e10   27       3       java.lang.StringLatin1::charAt (15 bytes)
Event: 0.682 Thread 0x000001f0dc052e10 nmethod 27 0x000001f0c4088c10 code [0x000001f0c4088dc0, 0x000001f0c4088f88]
Event: 0.682 Thread 0x000001f0dc052e10   28       3       java.lang.String::checkIndex (10 bytes)
Event: 0.683 Thread 0x000001f0dc052e10 nmethod 28 0x000001f0c4089090 code [0x000001f0c4089240, 0x000001f0c4089378]
Event: 0.683 Thread 0x000001f0dc052e10   29       3       jdk.internal.util.Preconditions::checkIndex (18 bytes)
Event: 0.683 Thread 0x000001f0dc052e10 nmethod 29 0x000001f0c4089410 code [0x000001f0c40895c0, 0x000001f0c4089750]
Event: 0.683 Thread 0x000001f0dc052e10   30       1       java.lang.module.ModuleReference::descriptor (5 bytes)
Event: 0.683 Thread 0x000001f0dc052e10 nmethod 30 0x000001f0cbb51090 code [0x000001f0cbb51220, 0x000001f0cbb512e8]

GC Heap History (0 events):
No events

Dll operation events (2 events):
Event: 0.029 Loaded shared library C:\Users\user\AppData\Local\Programs\Eclipse Adoptium\jdk-21.0.6.7-hotspot\bin\java.dll
Event: 0.636 Loaded shared library C:\Users\user\AppData\Local\Programs\Eclipse Adoptium\jdk-21.0.6.7-hotspot\bin\jsvml.dll

Deoptimization events (0 events):
No events

Classes loaded (20 events):
Event: 0.682 Loading class java/util/Optional done
Event: 0.682 Loading class jdk/internal/loader/BootLoader
Event: 0.683 Loading class jdk/internal/loader/BootLoader done
Event: 0.683 Loading class java/lang/Module$EnableNativeAccess
Event: 0.683 Loading class java/lang/Module$EnableNativeAccess done
Event: 0.684 Loading class jdk/internal/loader/NativeLibraries
Event: 0.684 Loading class jdk/internal/loader/NativeLibraries done
Event: 0.684 Loading class jdk/internal/loader/ClassLoaderHelper
Event: 0.685 Loading class jdk/internal/loader/ClassLoaderHelper done
Event: 0.685 Loading class java/util/concurrent/ConcurrentHashMap$KeySetView
Event: 0.687 Loading class java/util/concurrent/ConcurrentHashMap$CollectionView
Event: 0.689 Loading class java/util/concurrent/ConcurrentHashMap$CollectionView done
Event: 0.689 Loading class java/util/concurrent/ConcurrentHashMap$KeySetView done
Event: 0.689 Loading class jdk/internal/loader/ArchivedClassLoaders
Event: 0.689 Loading class jdk/internal/loader/ArchivedClassLoaders done
Event: 0.689 Loading class jdk/internal/loader/ClassLoaders$BootClassLoader
Event: 0.690 Loading class jdk/internal/loader/ClassLoaders$BootClassLoader done
Event: 0.690 Loading class java/security/cert/Certificate
Event: 0.693 Loading class java/security/cert/Certificate done
Event: 0.693 Loading class java/lang/ClassLoader$ParallelLoaders

Classes unloaded (0 events):
No events

Classes redefined (0 events):
No events

Internal exceptions (0 events):
No events

ZGC Phase Switch (0 events):
No events

VM Operations (0 events):
No events

Memory protections (0 events):
No events

Nmethod flushes (0 events):
No events

Events (9 events):
Event: 0.046 Thread 0x000001f0bb9938c0 Thread added: 0x000001f0bb9938c0
Event: 0.514 Thread 0x000001f0bb9938c0 Thread added: 0x000001f0dc061270
Event: 0.515 Thread 0x000001f0bb9938c0 Thread added: 0x000001f0dc0255b0
Event: 0.519 Thread 0x000001f0bb9938c0 Thread added: 0x000001f0dc0571c0
Event: 0.520 Thread 0x000001f0bb9938c0 Thread added: 0x000001f0dc057c10
Event: 0.520 Thread 0x000001f0bb9938c0 Thread added: 0x000001f0dc058660
Event: 0.520 Thread 0x000001f0bb9938c0 Thread added: 0x000001f0dc04e5e0
Event: 0.520 Thread 0x000001f0bb9938c0 Thread added: 0x000001f0dc051370
Event: 0.526 Thread 0x000001f0bb9938c0 Thread added: 0x000001f0dc052e10


Dynamic libraries:
0x00007ff7e4990000 - 0x00007ff7e499e000 	C:\Users\user\AppData\Local\Programs\Eclipse Adoptium\jdk-21.0.6.7-hotspot\bin\java.exe
0x00007ffc48e50000 - 0x00007ffc49048000 	C:\Windows\SYSTEM32\ntdll.dll
0x00007ffc48b90000 - 0x00007ffc48c52000 	C:\Windows\System32\KERNEL32.DLL
0x00007ffc46b20000 - 0x00007ffc46e1f000 	C:\Windows\System32\KERNELBASE.dll
0x00007ffc46a20000 - 0x00007ffc46b20000 	C:\Windows\System32\ucrtbase.dll
0x00007ffc3b620000 - 0x00007ffc3b638000 	C:\Users\user\AppData\Local\Programs\Eclipse Adoptium\jdk-21.0.6.7-hotspot\bin\jli.dll
0x00007ffc47740000 - 0x00007ffc478dd000 	C:\Windows\System32\USER32.dll
0x00007ffc46770000 - 0x00007ffc46792000 	C:\Windows\System32\win32u.dll
0x00007ffc47010000 - 0x00007ffc4703b000 	C:\Windows\System32\GDI32.dll
0x00007ffc46580000 - 0x00007ffc4669a000 	C:\Windows\System32\gdi32full.dll
0x00007ffc466d0000 - 0x00007ffc4676d000 	C:\Windows\System32\msvcp_win.dll
0x00007ffc36480000 - 0x00007ffc3649e000 	C:\Users\user\AppData\Local\Programs\Eclipse Adoptium\jdk-21.0.6.7-hotspot\bin\VCRUNTIME140.dll
0x00007ffc310e0000 - 0x00007ffc3137a000 	C:\Windows\WinSxS\amd64_microsoft.windows.common-controls_6595b64144ccf1df_6.0.19041.4355_none_60b8b9eb71f62e16\COMCTL32.dll
0x00007ffc484f0000 - 0x00007ffc4858e000 	C:\Windows\System32\msvcrt.dll
0x00007ffc46f50000 - 0x00007ffc46f7f000 	C:\Windows\System32\IMM32.DLL
0x00007ffc42dd0000 - 0x00007ffc42ddc000 	C:\Users\user\AppData\Local\Programs\Eclipse Adoptium\jdk-21.0.6.7-hotspot\bin\vcruntime140_1.dll
0x00007ffc21180000 - 0x00007ffc2120d000 	C:\Users\user\AppData\Local\Programs\Eclipse Adoptium\jdk-21.0.6.7-hotspot\bin\msvcp140.dll
0x00007ffbd3310000 - 0x00007ffbd40a0000 	C:\Users\user\AppData\Local\Programs\Eclipse Adoptium\jdk-21.0.6.7-hotspot\bin\server\jvm.dll
0x00007ffc486b0000 - 0x00007ffc4875f000 	C:\Windows\System32\ADVAPI32.dll
0x00007ffc47560000 - 0x00007ffc475ff000 	C:\Windows\System32\sechost.dll
0x00007ffc48120000 - 0x00007ffc48243000 	C:\Windows\System32\RPCRT4.dll
0x00007ffc466a0000 - 0x00007ffc466c7000 	C:\Windows\System32\bcrypt.dll
0x00007ffc48370000 - 0x00007ffc483db000 	C:\Windows\System32\WS2_32.dll
0x00007ffc46350000 - 0x00007ffc4639b000 	C:\Windows\SYSTEM32\POWRPROF.dll
0x00007ffc385a0000 - 0x00007ffc385c7000 	C:\Windows\SYSTEM32\WINMM.dll
0x00007ffc3c8c0000 - 0x00007ffc3c8ca000 	C:\Windows\SYSTEM32\VERSION.dll
0x00007ffc46330000 - 0x00007ffc46342000 	C:\Windows\SYSTEM32\UMPDC.dll
0x00007ffc44330000 - 0x00007ffc44342000 	C:\Windows\SYSTEM32\kernel.appcore.dll
0x00007ffc3b790000 - 0x00007ffc3b79a000 	C:\Users\user\AppData\Local\Programs\Eclipse Adoptium\jdk-21.0.6.7-hotspot\bin\jimage.dll
0x00007ffc36550000 - 0x00007ffc36734000 	C:\Windows\SYSTEM32\DBGHELP.DLL
0x00007ffc358d0000 - 0x00007ffc35904000 	C:\Windows\SYSTEM32\dbgcore.DLL
0x00007ffc464f0000 - 0x00007ffc46572000 	C:\Windows\System32\bcryptPrimitives.dll
0x00007ffc335f0000 - 0x00007ffc3360f000 	C:\Users\user\AppData\Local\Programs\Eclipse Adoptium\jdk-21.0.6.7-hotspot\bin\java.dll
0x00007ffc479b0000 - 0x00007ffc4811d000 	C:\Windows\System32\SHELL32.dll
0x00007ffc44530000 - 0x00007ffc44cd4000 	C:\Windows\SYSTEM32\windows.storage.dll
0x00007ffc48760000 - 0x00007ffc48ab5000 	C:\Windows\System32\combase.dll
0x00007ffc45d70000 - 0x00007ffc45d9f000 	C:\Windows\SYSTEM32\Wldp.dll
0x00007ffc48ac0000 - 0x00007ffc48b8d000 	C:\Windows\System32\OLEAUT32.dll
0x00007ffc48440000 - 0x00007ffc484ed000 	C:\Windows\System32\SHCORE.dll
0x00007ffc47950000 - 0x00007ffc479a5000 	C:\Windows\System32\shlwapi.dll
0x00007ffc46420000 - 0x00007ffc46444000 	C:\Windows\SYSTEM32\profapi.dll
0x00007ffc1bf80000 - 0x00007ffc1c057000 	C:\Users\user\AppData\Local\Programs\Eclipse Adoptium\jdk-21.0.6.7-hotspot\bin\jsvml.dll

dbghelp: loaded successfully - version: 4.0.5 - missing functions: none
symbol engine: initialized successfully - sym options: 0x614 - pdb path: .;C:\Users\user\AppData\Local\Programs\Eclipse Adoptium\jdk-21.0.6.7-hotspot\bin;C:\Windows\SYSTEM32;C:\Windows\WinSxS\amd64_microsoft.windows.common-controls_6595b64144ccf1df_6.0.19041.4355_none_60b8b9eb71f62e16;C:\Users\user\AppData\Local\Programs\Eclipse Adoptium\jdk-21.0.6.7-hotspot\bin\server

VM Arguments:
jvm_args: -Dclassworlds.conf=C:\Program Files\Maven\apache-maven-3.9.9\bin\m2.conf -Dmaven.home=C:\Program Files\Maven\apache-maven-3.9.9 -Dlibrary.jansi.path=C:\Program Files\Maven\apache-maven-3.9.9\lib\jansi-native -Dmaven.multiModuleProjectDirectory=g:\My Projects\ICT-OPTION\VehicleService\vehicleservice 
java_command: org.codehaus.plexus.classworlds.launcher.Launcher --version
java_class_path (initial): C:\Program Files\Maven\apache-maven-3.9.9\boot\plexus-classworlds-2.8.0.jar
Launcher Type: SUN_STANDARD

[Global flags]
     intx CICompilerCount                          = 3                                         {product} {ergonomic}
     uint ConcGCThreads                            = 1                                         {product} {ergonomic}
     uint G1ConcRefinementThreads                  = 4                                         {product} {ergonomic}
   size_t G1HeapRegionSize                         = 1048576                                   {product} {ergonomic}
    uintx GCDrainStackTargetSize                   = 64                                        {product} {ergonomic}
   size_t InitialHeapSize                          = 134217728                                 {product} {ergonomic}
   size_t MarkStackSize                            = 4194304                                   {product} {ergonomic}
   size_t MaxHeapSize                              = 2124414976                                {product} {ergonomic}
   size_t MaxNewSize                               = 1274019840                                {product} {ergonomic}
   size_t MinHeapDeltaBytes                        = 1048576                                   {product} {ergonomic}
   size_t MinHeapSize                              = 8388608                                   {product} {ergonomic}
    uintx NonNMethodCodeHeapSize                   = 5832780                                {pd product} {ergonomic}
    uintx NonProfiledCodeHeapSize                  = 122912730                              {pd product} {ergonomic}
    uintx ProfiledCodeHeapSize                     = 122912730                              {pd product} {ergonomic}
    uintx ReservedCodeCacheSize                    = 251658240                              {pd product} {ergonomic}
     bool SegmentedCodeCache                       = true                                      {product} {ergonomic}
   size_t SoftMaxHeapSize                          = 2124414976                             {manageable} {ergonomic}
     bool UseCompressedOops                        = true                           {product lp64_product} {ergonomic}
     bool UseG1GC                                  = true                                      {product} {ergonomic}
     bool UseLargePagesIndividualAllocation        = false                                  {pd product} {ergonomic}

Logging:
Log output configuration:
 #0: stdout all=warning uptime,level,tags foldmultilines=false
 #1: stderr all=off uptime,level,tags foldmultilines=false

Environment Variables:
PATH=G:\Softwares\oracle\app\oracle\product\11.2.0\server\bin;C:\Windows\system32;C:\Windows;C:\Windows\System32\Wbem;C:\Windows\System32\WindowsPowerShell\v1.0\;C:\Windows\System32\OpenSSH\;G:\Softwares\bin;C:\Users\user\AppData\Roaming\nvm;C:\Program Files\nodejs;C:\ProgramData\chocolatey\bin;G:\Softwares\Git\cmd;G:\2024\Softwares\cmake-3.31.0-windows-x86_64\bin;C:\Program Files\MySQL\MySQL Server 8.0\bin;G:\Softwares\;C:\Program Files\Maven\apache-maven-3.9.9\bin;C:\Users\user\AppData\Local\Programs\Eclipse Adoptium\jdk-21.0.6.7-hotspot\bin;C:\Program Files\MySQL\MySQL Shell 8.0\bin\;G:\Softwares\TES.js;C:\Users\user\AppData\Local\Programs\Python\Python311\Scripts\;C:\Users\user\AppData\Local\Programs\Python\Python311\;C:\Users\user\AppData\Local\Microsoft\WindowsApps;C:\Users\user\AppData\Local\GitHubDesktop\bin;G:\Softwares\TES.js;C:\Users\user\AppData\Roaming\npm;C:\Users\user\go\bin;C:\Users\user\AppData\Roaming\nvm;C:\Program Files\nodejs;G:\2024\Softwares\Microsoft VS Code\bin
USERNAME=user
OS=Windows_NT
PROCESSOR_IDENTIFIER=Intel64 Family 6 Model 61 Stepping 4, GenuineIntel
TMP=C:\Users\user\AppData\Local\Temp
TEMP=C:\Users\user\AppData\Local\Temp




Periodic native trim disabled

---------------  S Y S T E M  ---------------

OS:
 Windows 10 , 64 bit Build 19041 (10.0.19041.5438)
OS uptime: 3 days 21:09 hours
Hyper-V role detected

CPU: total 4 (initial active 4) (2 cores per cpu, 2 threads per core) family 6 model 61 stepping 4 microcode 0x2d, cx8, cmov, fxsr, ht, mmx, 3dnowpref, sse, sse2, sse3, ssse3, sse4.1, sse4.2, popcnt, lzcnt, tsc, tscinvbit, avx, avx2, aes, erms, clmul, bmi1, bmi2, adx, fma, vzeroupper, clflush, hv, rdtscp, f16c
Processor Information for the first 4 processors :
  Max Mhz: 2000, Current Mhz: 2000, Mhz Limit: 2000

Memory: 4k page, system-wide physical 8103M (559M free)
TotalPageFile size 18184M (AvailPageFile size 5M)
current process WorkingSet (physical memory assigned to process): 25M, peak: 25M
current process commit charge ("private bytes"): 191M, peak: 191M

vm_info: OpenJDK 64-Bit Server VM (21.0.6+7-LTS) for windows-amd64 JRE (21.0.6+7-LTS), built on 2025-01-21T00:00:00Z by "admin" with MS VC++ 17.7 (VS2022)

END.
